Started GET "/" for 127.0.0.1 at 2014-04-26 17:32:07 -0400
Processing by PreorderController#index as HTML
SQLite3::SQLException: no such table: payment_options: SELECT sum(amount) FROM "payment_options" INNER JOIN "orders" ON "orders"."payment_option_id" = "payment_options"."id" WHERE (token != '' OR token != NULL)
  Rendered preorder/homepage/_stats.html.erb (11.2ms)
  Rendered preorder/homepage/_show_dont_tell.html.erb (12.1ms)
  Rendered preorder/index.html.erb within layouts/application (13.4ms)
Completed 500 Internal Server Error in 18ms

ActionView::Template::Error (SQLite3::SQLException: no such table: payment_options: SELECT sum(amount) FROM "payment_options" INNER JOIN "orders" ON "orders"."payment_option_id" = "payment_options"."id" WHERE (token != '' OR token != NULL)):
    22: 
    23:     <a href="/preorder/checkout" class="blue_button reserve"><%= Settings.call_to_action %><i class="fa fa-hand-o-right angle_right"></i></a>
    24:     <!--
    25:     <p class="raised_number"><%= number_to_currency Order.revenue, :precision => 0 %></p>
    26:     <p class="raised_goal_text">Raised of <%= number_to_currency Settings.project_goal.to_f, :precision => 0 %> goal.</p>  
    27:   -->
    28: 
  app/models/order.rb:72:in `revenue'
  app/views/preorder/homepage/_stats.html.erb:25:in `_app_views_preorder_homepage__stats_html_erb___515870133722948191_2188144140'
  app/views/preorder/homepage/_show_dont_tell.html.erb:2:in `_app_views_preorder_homepage__show_dont_tell_html_erb___3415844977819023696_2188163580'
  app/views/preorder/index.html.erb:1:in `_app_views_preorder_index_html_erb___3696882783024027885_2188222680'


Started GET "/" for 127.0.0.1 at 2014-04-26 17:32:10 -0400
Processing by PreorderController#index as HTML
SQLite3::SQLException: no such table: payment_options: SELECT sum(amount) FROM "payment_options" INNER JOIN "orders" ON "orders"."payment_option_id" = "payment_options"."id" WHERE (token != '' OR token != NULL)
  Rendered preorder/homepage/_stats.html.erb (2.1ms)
  Rendered preorder/homepage/_show_dont_tell.html.erb (2.4ms)
  Rendered preorder/index.html.erb within layouts/application (2.6ms)
Completed 500 Internal Server Error in 3ms

ActionView::Template::Error (SQLite3::SQLException: no such table: payment_options: SELECT sum(amount) FROM "payment_options" INNER JOIN "orders" ON "orders"."payment_option_id" = "payment_options"."id" WHERE (token != '' OR token != NULL)):
    22: 
    23:     <a href="/preorder/checkout" class="blue_button reserve"><%= Settings.call_to_action %><i class="fa fa-hand-o-right angle_right"></i></a>
    24:     <!--
    25:     <p class="raised_number"><%= number_to_currency Order.revenue, :precision => 0 %></p>
    26:     <p class="raised_goal_text">Raised of <%= number_to_currency Settings.project_goal.to_f, :precision => 0 %> goal.</p>  
    27:   -->
    28: 
  app/models/order.rb:72:in `revenue'
  app/views/preorder/homepage/_stats.html.erb:25:in `_app_views_preorder_homepage__stats_html_erb___515870133722948191_2188144140'
  app/views/preorder/homepage/_show_dont_tell.html.erb:2:in `_app_views_preorder_homepage__show_dont_tell_html_erb___3415844977819023696_2188163580'
  app/views/preorder/index.html.erb:1:in `_app_views_preorder_index_html_erb___3696882783024027885_2188222680'


Started GET "/" for 127.0.0.1 at 2014-04-26 17:32:48 -0400
Processing by PreorderController#index as HTML
SQLite3::SQLException: no such table: payment_options: SELECT sum(amount) FROM "payment_options" INNER JOIN "orders" ON "orders"."payment_option_id" = "payment_options"."id" WHERE (token != '' OR token != NULL)
  Rendered preorder/homepage/_stats.html.erb (1.9ms)
  Rendered preorder/homepage/_show_dont_tell.html.erb (2.2ms)
  Rendered preorder/index.html.erb within layouts/application (2.4ms)
Completed 500 Internal Server Error in 3ms

ActionView::Template::Error (SQLite3::SQLException: no such table: payment_options: SELECT sum(amount) FROM "payment_options" INNER JOIN "orders" ON "orders"."payment_option_id" = "payment_options"."id" WHERE (token != '' OR token != NULL)):
    22: 
    23:     <a href="/preorder/checkout" class="blue_button reserve"><%= Settings.call_to_action %><i class="fa fa-hand-o-right angle_right"></i></a>
    24:     <!--
    25:     <p class="raised_number"><%= number_to_currency Order.revenue, :precision => 0 %></p>
    26:     <p class="raised_goal_text">Raised of <%= number_to_currency Settings.project_goal.to_f, :precision => 0 %> goal.</p>  
    27:   -->
    28: 
  app/models/order.rb:72:in `revenue'
  app/views/preorder/homepage/_stats.html.erb:25:in `_app_views_preorder_homepage__stats_html_erb___515870133722948191_2188144140'
  app/views/preorder/homepage/_show_dont_tell.html.erb:2:in `_app_views_preorder_homepage__show_dont_tell_html_erb___3415844977819023696_2188163580'
  app/views/preorder/index.html.erb:1:in `_app_views_preorder_index_html_erb___3696882783024027885_2188222680'


Started GET "/" for 127.0.0.1 at 2014-04-26 17:33:33 -0400
Processing by PreorderController#index as HTML
SQLite3::SQLException: no such table: payment_options: SELECT sum(amount) FROM "payment_options" INNER JOIN "orders" ON "orders"."payment_option_id" = "payment_options"."id" WHERE (token != '' OR token != NULL)
  Rendered preorder/homepage/_stats.html.erb (2.3ms)
  Rendered preorder/homepage/_show_dont_tell.html.erb (2.6ms)
  Rendered preorder/index.html.erb within layouts/application (2.9ms)
Completed 500 Internal Server Error in 3ms

ActionView::Template::Error (SQLite3::SQLException: no such table: payment_options: SELECT sum(amount) FROM "payment_options" INNER JOIN "orders" ON "orders"."payment_option_id" = "payment_options"."id" WHERE (token != '' OR token != NULL)):
    22: 
    23:     <a href="/preorder/checkout" class="blue_button reserve"><%= Settings.call_to_action %><i class="fa fa-hand-o-right angle_right"></i></a>
    24:     <!--
    25:     <p class="raised_number"><%= number_to_currency Order.revenue, :precision => 0 %></p>
    26:     <p class="raised_goal_text">Raised of <%= number_to_currency Settings.project_goal.to_f, :precision => 0 %> goal.</p>  
    27:   -->
    28: 
  app/models/order.rb:72:in `revenue'
  app/views/preorder/homepage/_stats.html.erb:25:in `_app_views_preorder_homepage__stats_html_erb___515870133722948191_2188144140'
  app/views/preorder/homepage/_show_dont_tell.html.erb:2:in `_app_views_preorder_homepage__show_dont_tell_html_erb___3415844977819023696_2188163580'
  app/views/preorder/index.html.erb:1:in `_app_views_preorder_index_html_erb___3696882783024027885_2188222680'


Started GET "/" for 127.0.0.1 at 2014-04-26 17:33:35 -0400
Processing by PreorderController#index as HTML
SQLite3::SQLException: no such table: payment_options: SELECT sum(amount) FROM "payment_options" INNER JOIN "orders" ON "orders"."payment_option_id" = "payment_options"."id" WHERE (token != '' OR token != NULL)
  Rendered preorder/homepage/_stats.html.erb (1.9ms)
  Rendered preorder/homepage/_show_dont_tell.html.erb (2.2ms)
  Rendered preorder/index.html.erb within layouts/application (2.4ms)
Completed 500 Internal Server Error in 3ms

ActionView::Template::Error (SQLite3::SQLException: no such table: payment_options: SELECT sum(amount) FROM "payment_options" INNER JOIN "orders" ON "orders"."payment_option_id" = "payment_options"."id" WHERE (token != '' OR token != NULL)):
    22: 
    23:     <a href="/preorder/checkout" class="blue_button reserve"><%= Settings.call_to_action %><i class="fa fa-hand-o-right angle_right"></i></a>
    24:     <!--
    25:     <p class="raised_number"><%= number_to_currency Order.revenue, :precision => 0 %></p>
    26:     <p class="raised_goal_text">Raised of <%= number_to_currency Settings.project_goal.to_f, :precision => 0 %> goal.</p>  
    27:   -->
    28: 
  app/models/order.rb:72:in `revenue'
  app/views/preorder/homepage/_stats.html.erb:25:in `_app_views_preorder_homepage__stats_html_erb___515870133722948191_2188144140'
  app/views/preorder/homepage/_show_dont_tell.html.erb:2:in `_app_views_preorder_homepage__show_dont_tell_html_erb___3415844977819023696_2188163580'
  app/views/preorder/index.html.erb:1:in `_app_views_preorder_index_html_erb___3696882783024027885_2188222680'


Started GET "/" for 127.0.0.1 at 2014-04-26 17:34:51 -0400
Processing by PreorderController#index as HTML
SQLite3::SQLException: no such table: payment_options: SELECT sum(amount) FROM "payment_options" INNER JOIN "orders" ON "orders"."payment_option_id" = "payment_options"."id" WHERE (token != '' OR token != NULL)
  Rendered preorder/homepage/_stats.html.erb (11.2ms)
  Rendered preorder/homepage/_show_dont_tell.html.erb (11.8ms)
  Rendered preorder/index.html.erb within layouts/application (12.9ms)
Completed 500 Internal Server Error in 16ms

ActionView::Template::Error (SQLite3::SQLException: no such table: payment_options: SELECT sum(amount) FROM "payment_options" INNER JOIN "orders" ON "orders"."payment_option_id" = "payment_options"."id" WHERE (token != '' OR token != NULL)):
    22: 
    23:     <a href="/preorder/checkout" class="blue_button reserve"><%= Settings.call_to_action %><i class="fa fa-hand-o-right angle_right"></i></a>
    24:     <!--
    25:     <p class="raised_number"><%= number_to_currency Order.revenue, :precision => 0 %></p>
    26:     <p class="raised_goal_text">Raised of <%= number_to_currency Settings.project_goal.to_f, :precision => 0 %> goal.</p>  
    27:   -->
    28: 
  app/models/order.rb:72:in `revenue'
  app/views/preorder/homepage/_stats.html.erb:25:in `_app_views_preorder_homepage__stats_html_erb__910216410168822950_2184045500'
  app/views/preorder/homepage/_show_dont_tell.html.erb:2:in `_app_views_preorder_homepage__show_dont_tell_html_erb__2139903599576184399_2184062900'
  app/views/preorder/index.html.erb:1:in `_app_views_preorder_index_html_erb___782591585515434655_2184132420'


Started GET "/" for 127.0.0.1 at 2014-04-26 17:39:56 -0400
Processing by PreorderController#index as HTML
SQLite3::SQLException: no such table: payment_options: SELECT sum(amount) FROM "payment_options" INNER JOIN "orders" ON "orders"."payment_option_id" = "payment_options"."id" WHERE (token != '' OR token != NULL)
  Rendered preorder/homepage/_stats.html.erb (1.4ms)
  Rendered preorder/homepage/_show_dont_tell.html.erb (1.5ms)
  Rendered preorder/index.html.erb within layouts/application (1.7ms)
Completed 500 Internal Server Error in 2ms

ActionView::Template::Error (SQLite3::SQLException: no such table: payment_options: SELECT sum(amount) FROM "payment_options" INNER JOIN "orders" ON "orders"."payment_option_id" = "payment_options"."id" WHERE (token != '' OR token != NULL)):
    22: 
    23:     <a href="/preorder/checkout" class="blue_button reserve"><%= Settings.call_to_action %><i class="fa fa-hand-o-right angle_right"></i></a>
    24:     <!--
    25:     <p class="raised_number"><%= number_to_currency Order.revenue, :precision => 0 %></p>
    26:     <p class="raised_goal_text">Raised of <%= number_to_currency Settings.project_goal.to_f, :precision => 0 %> goal.</p>  
    27:   -->
    28: 
  app/models/order.rb:72:in `revenue'
  app/views/preorder/homepage/_stats.html.erb:25:in `_app_views_preorder_homepage__stats_html_erb__910216410168822950_2184045500'
  app/views/preorder/homepage/_show_dont_tell.html.erb:2:in `_app_views_preorder_homepage__show_dont_tell_html_erb__2139903599576184399_2184062900'
  app/views/preorder/index.html.erb:1:in `_app_views_preorder_index_html_erb___782591585515434655_2184132420'


Started GET "/" for 127.0.0.1 at 2014-04-26 17:40:29 -0400
Processing by PreorderController#index as HTML
SQLite3::SQLException: no such table: payment_options: SELECT sum(amount) FROM "payment_options" INNER JOIN "orders" ON "orders"."payment_option_id" = "payment_options"."id" WHERE (token != '' OR token != NULL)
  Rendered preorder/homepage/_stats.html.erb (2.1ms)
  Rendered preorder/homepage/_show_dont_tell.html.erb (2.4ms)
  Rendered preorder/index.html.erb within layouts/application (2.6ms)
Completed 500 Internal Server Error in 3ms

ActionView::Template::Error (SQLite3::SQLException: no such table: payment_options: SELECT sum(amount) FROM "payment_options" INNER JOIN "orders" ON "orders"."payment_option_id" = "payment_options"."id" WHERE (token != '' OR token != NULL)):
    22: 
    23:     <a href="/preorder/checkout" class="blue_button reserve"><%= Settings.call_to_action %><i class="fa fa-hand-o-right angle_right"></i></a>
    24:     <!--
    25:     <p class="raised_number"><%= number_to_currency Order.revenue, :precision => 0 %></p>
    26:     <p class="raised_goal_text">Raised of <%= number_to_currency Settings.project_goal.to_f, :precision => 0 %> goal.</p>  
    27:   -->
    28: 
  app/models/order.rb:72:in `revenue'
  app/views/preorder/homepage/_stats.html.erb:25:in `_app_views_preorder_homepage__stats_html_erb__910216410168822950_2184045500'
  app/views/preorder/homepage/_show_dont_tell.html.erb:2:in `_app_views_preorder_homepage__show_dont_tell_html_erb__2139903599576184399_2184062900'
  app/views/preorder/index.html.erb:1:in `_app_views_preorder_index_html_erb___782591585515434655_2184132420'


Started GET "/" for 127.0.0.1 at 2014-04-26 17:40:30 -0400
Processing by PreorderController#index as HTML
SQLite3::SQLException: no such table: payment_options: SELECT sum(amount) FROM "payment_options" INNER JOIN "orders" ON "orders"."payment_option_id" = "payment_options"."id" WHERE (token != '' OR token != NULL)
  Rendered preorder/homepage/_stats.html.erb (2.1ms)
  Rendered preorder/homepage/_show_dont_tell.html.erb (2.4ms)
  Rendered preorder/index.html.erb within layouts/application (2.6ms)
Completed 500 Internal Server Error in 3ms

ActionView::Template::Error (SQLite3::SQLException: no such table: payment_options: SELECT sum(amount) FROM "payment_options" INNER JOIN "orders" ON "orders"."payment_option_id" = "payment_options"."id" WHERE (token != '' OR token != NULL)):
    22: 
    23:     <a href="/preorder/checkout" class="blue_button reserve"><%= Settings.call_to_action %><i class="fa fa-hand-o-right angle_right"></i></a>
    24:     <!--
    25:     <p class="raised_number"><%= number_to_currency Order.revenue, :precision => 0 %></p>
    26:     <p class="raised_goal_text">Raised of <%= number_to_currency Settings.project_goal.to_f, :precision => 0 %> goal.</p>  
    27:   -->
    28: 
  app/models/order.rb:72:in `revenue'
  app/views/preorder/homepage/_stats.html.erb:25:in `_app_views_preorder_homepage__stats_html_erb__910216410168822950_2184045500'
  app/views/preorder/homepage/_show_dont_tell.html.erb:2:in `_app_views_preorder_homepage__show_dont_tell_html_erb__2139903599576184399_2184062900'
  app/views/preorder/index.html.erb:1:in `_app_views_preorder_index_html_erb___782591585515434655_2184132420'


Started GET "/" for 127.0.0.1 at 2014-04-26 17:41:04 -0400
Processing by PreorderController#index as HTML
SQLite3::SQLException: no such table: payment_options: SELECT sum(amount) FROM "payment_options" INNER JOIN "orders" ON "orders"."payment_option_id" = "payment_options"."id" WHERE (token != '' OR token != NULL)
  Rendered preorder/homepage/_stats.html.erb (1.6ms)
  Rendered preorder/homepage/_show_dont_tell.html.erb (1.8ms)
  Rendered preorder/index.html.erb within layouts/application (2.0ms)
Completed 500 Internal Server Error in 2ms

ActionView::Template::Error (SQLite3::SQLException: no such table: payment_options: SELECT sum(amount) FROM "payment_options" INNER JOIN "orders" ON "orders"."payment_option_id" = "payment_options"."id" WHERE (token != '' OR token != NULL)):
    22: 
    23:     <a href="/preorder/checkout" class="blue_button reserve"><%= Settings.call_to_action %><i class="fa fa-hand-o-right angle_right"></i></a>
    24:     <!--
    25:     <p class="raised_number"><%= number_to_currency Order.revenue, :precision => 0 %></p>
    26:     <p class="raised_goal_text">Raised of <%= number_to_currency Settings.project_goal.to_f, :precision => 0 %> goal.</p>  
    27:   -->
    28: 
  app/models/order.rb:72:in `revenue'
  app/views/preorder/homepage/_stats.html.erb:25:in `_app_views_preorder_homepage__stats_html_erb__910216410168822950_2184045500'
  app/views/preorder/homepage/_show_dont_tell.html.erb:2:in `_app_views_preorder_homepage__show_dont_tell_html_erb__2139903599576184399_2184062900'
  app/views/preorder/index.html.erb:1:in `_app_views_preorder_index_html_erb___782591585515434655_2184132420'


